{"level":"error","message":"There is no data in the database.","service":"user-service","timestamp":"2022-04-07T08:18:08.791Z"}
{"level":"error","message":"Agents collection is empty.","service":"user-service","timestamp":"2022-04-07T08:19:45.482Z"}
{"level":"error","service":"user-service","timestamp":"2022-04-07T08:21:55.377Z"}
{"level":"error","service":"user-service","timestamp":"2022-04-07T08:23:34.338Z"}
{"level":"error","message":[{"location":"body","msg":"Invalid value","param":"email","value":"String"},{"location":"body","msg":"Invalid value","param":"phone_num","value":"String"}],"service":"user-service","timestamp":"2022-04-07T08:24:43.993Z"}
{"level":"error","service":"user-service","timestamp":"2022-04-07T08:28:00.534Z"}
{"level":"error","service":"user-service","timestamp":"2022-04-07T08:28:16.373Z"}
{"level":"error","message":"There is no data in the database.","service":"user-service","timestamp":"2022-04-07T08:28:23.937Z"}
{"level":"error","message":"624e9ff4e82e08efbdb76ca2 not found.","service":"user-service","timestamp":"2022-04-07T08:29:28.187Z"}
{"level":"error","message":"624e9ff4e82e08efbdb76ca2 not found.","service":"user-service","timestamp":"2022-04-07T08:32:29.514Z"}
{"level":"error","message":[{"location":"params","msg":"Invalid value","param":"id","value":"624e9ff4e82e08efbdb76cab1"}],"service":"user-service","timestamp":"2022-04-07T08:32:40.069Z"}
{"level":"error","message":[{"location":"body","msg":"Invalid value","param":"agent_pin","value":"D001"}],"service":"user-service","timestamp":"2022-04-07T08:36:09.150Z"}
{"level":"error","message":[{"location":"params","msg":"Invalid value","param":"id","value":"624e9ff4e82e08efbdb76cab1"}],"service":"user-service","timestamp":"2022-04-07T08:36:48.295Z"}
{"level":"error","message":[{"location":"body","msg":"Invalid value","param":"phone_num","value":"09401244260"}],"service":"user-service","timestamp":"2022-04-07T08:37:10.051Z"}
{"level":"error","message":[{"location":"body","msg":"Invalid value","param":"phone_num","value":"094012442"}],"service":"user-service","timestamp":"2022-04-07T08:37:15.770Z"}
{"level":"error","message":"Aunthasak,Monday not found","service":"user-service","timestamp":"2022-04-07T08:43:15.332Z"}
{"level":"error","message":"petitions not found.","service":"user-service","timestamp":"2022-04-07T08:54:16.038Z"}
{"level":"error","message":"petitions is empty.","service":"user-service","timestamp":"2022-04-07T08:54:47.301Z"}
{"level":"error","message":"petitions is empty.","service":"user-service","timestamp":"2022-04-07T08:54:50.460Z"}
{"level":"error","message":"petitions is empty.","service":"user-service","timestamp":"2022-04-07T08:55:05.250Z"}
{"level":"error","message":"Cannot read properties of null (reading 'petitions')","service":"user-service","timestamp":"2022-04-07T09:10:34.685Z"}
{"level":"error","message":"villager id 624e9ff4e82e08efbdb76cab not found","service":"user-service","timestamp":"2022-04-07T09:12:33.686Z"}
{"level":"error","message":"petitions villager id 624e8e0591b855979babc837 not found","service":"user-service","timestamp":"2022-04-07T09:13:45.151Z"}
{"level":"error","message":"villager id 624e8e0591b855979babc836 not found","service":"user-service","timestamp":"2022-04-07T09:14:00.568Z"}
{"level":"error","message":"villager id 624e8e0591b855979babc836 not found","service":"user-service","timestamp":"2022-04-07T09:35:46.401Z"}
{"level":"error","message":"villager id 624e8e0591b855979babc836 not found","service":"user-service","timestamp":"2022-04-07T09:38:12.562Z"}
