{"level":"error","message":"There is no data in the database.","service":"user-service","timestamp":"2022-04-07T08:18:08.793Z"}
{"level":"error","message":"Agents collection is empty.","service":"user-service","timestamp":"2022-04-07T08:19:45.484Z"}
{"level":"error","service":"user-service","timestamp":"2022-04-07T08:21:55.379Z"}
{"level":"info","message":[{"__v":0,"_id":"624e8e0591b855979babc837","address":{"district":"เมืองพะเยา","house_number":"290","postal_code":"56000","province":"พะเยา","sub_district":"แม่นาเรือ"},"age":20,"date_of_birth":"2001-08-23T00:00:00.000Z","email":"adsadawutbomz.23@gmail.com","ethnicity":"ไทย","first_name":"Aunthasak","gender":"male","idcart":"1560101531897","last_name":"Hadtang","nationalty":"ไทย","petitions":[],"phone_num":"0940124426","religion":"พุทธ"}],"service":"user-service","timestamp":"2022-04-07T08:23:20.721Z"}
{"level":"error","service":"user-service","timestamp":"2022-04-07T08:23:34.338Z"}
{"level":"info","message":{"__v":0,"_id":"624e8e0591b855979babc837","address":{"district":"เมืองพะเยา","house_number":"290","postal_code":"56000","province":"พะเยา","sub_district":"แม่นาเรือ"},"age":20,"date_of_birth":"2001-08-23T00:00:00.000Z","email":"adsadawutbomz.23@gmail.com","ethnicity":"ไทย","first_name":"Aunthasak","gender":"male","idcart":"1560101531897","last_name":"Hadtang","nationalty":"ไทย","petitions":[],"phone_num":"0940124426","religion":"พุทธ"},"service":"user-service","timestamp":"2022-04-07T08:24:36.423Z"}
{"level":"error","message":[{"location":"body","msg":"Invalid value","param":"email","value":"String"},{"location":"body","msg":"Invalid value","param":"phone_num","value":"String"}],"service":"user-service","timestamp":"2022-04-07T08:24:43.993Z"}
{"level":"info","message":{"__v":0,"_id":"624e9ff4e82e08efbdb76cab","agent_pin":"String","email":"aunthasak@gmail.com","first_name":"String","job_title":"String","last_name":"String","phone_num":"0940124426"},"service":"user-service","timestamp":"2022-04-07T08:25:24.965Z"}
{"level":"info","message":[{"__v":0,"_id":"624e9ff4e82e08efbdb76cab","agent_pin":"String","email":"aunthasak@gmail.com","first_name":"String","job_title":"String","last_name":"String","phone_num":"0940124426"}],"service":"user-service","timestamp":"2022-04-07T08:25:30.203Z"}
{"level":"info","message":{"__v":0,"_id":"624e9ff4e82e08efbdb76cab","agent_pin":"String","email":"aunthasak@gmail.com","first_name":"String","job_title":"String","last_name":"String","phone_num":"0940124426"},"service":"user-service","timestamp":"2022-04-07T08:27:24.843Z"}
{"level":"error","service":"user-service","timestamp":"2022-04-07T08:28:00.535Z"}
{"level":"error","service":"user-service","timestamp":"2022-04-07T08:28:16.373Z"}
{"level":"error","message":"There is no data in the database.","service":"user-service","timestamp":"2022-04-07T08:28:23.937Z"}
{"level":"error","message":"624e9ff4e82e08efbdb76ca2 not found.","service":"user-service","timestamp":"2022-04-07T08:29:28.189Z"}
{"level":"error","message":"624e9ff4e82e08efbdb76ca2 not found.","service":"user-service","timestamp":"2022-04-07T08:32:29.515Z"}
{"level":"info","message":{"__v":0,"_id":"624e9ff4e82e08efbdb76cab","agent_pin":"String","email":"aunthasak@gmail.com","first_name":"String","job_title":"String","last_name":"String","phone_num":"0940124426"},"service":"user-service","timestamp":"2022-04-07T08:32:35.573Z"}
{"level":"error","message":[{"location":"params","msg":"Invalid value","param":"id","value":"624e9ff4e82e08efbdb76cab1"}],"service":"user-service","timestamp":"2022-04-07T08:32:40.069Z"}
{"level":"error","message":[{"location":"body","msg":"Invalid value","param":"agent_pin","value":"D001"}],"service":"user-service","timestamp":"2022-04-07T08:36:09.152Z"}
{"level":"info","message":"id : 624e9ff4e82e08efbdb76cab updated successfully.","service":"user-service","timestamp":"2022-04-07T08:36:38.954Z"}
{"level":"error","message":[{"location":"params","msg":"Invalid value","param":"id","value":"624e9ff4e82e08efbdb76cab1"}],"service":"user-service","timestamp":"2022-04-07T08:36:48.296Z"}
{"level":"info","message":{"__v":0,"_id":"624e9ff4e82e08efbdb76cab","agent_pin":"Desk001","email":"aunthasak@gmail.com","first_name":"Aunthasak","job_title":"Header","last_name":"Monday-delicious","phone_num":"0940124426"},"service":"user-service","timestamp":"2022-04-07T08:36:53.472Z"}
{"level":"error","message":[{"location":"body","msg":"Invalid value","param":"phone_num","value":"09401244260"}],"service":"user-service","timestamp":"2022-04-07T08:37:10.051Z"}
{"level":"error","message":[{"location":"body","msg":"Invalid value","param":"phone_num","value":"094012442"}],"service":"user-service","timestamp":"2022-04-07T08:37:15.771Z"}
{"level":"info","message":[{"__v":0,"_id":"624e9ff4e82e08efbdb76cab","agent_pin":"Desk001","email":"aunthasak@gmail.com","first_name":"Aunthasak","job_title":"Header","last_name":"Monday-delicious","phone_num":"0940124426"}],"service":"user-service","timestamp":"2022-04-07T08:42:12.135Z"}
{"level":"info","message":[{"__v":0,"_id":"624e9ff4e82e08efbdb76cab","agent_pin":"Desk001","email":"aunthasak@gmail.com","first_name":"Aunthasak","job_title":"Header","last_name":"Monday-delicious","phone_num":"0940124426"}],"service":"user-service","timestamp":"2022-04-07T08:42:40.592Z"}
{"level":"error","message":"Aunthasak,Monday not found","service":"user-service","timestamp":"2022-04-07T08:43:15.333Z"}
{"level":"info","message":[{"__v":0,"_id":"624e9ff4e82e08efbdb76cab","agent_pin":"Desk001","email":"aunthasak@gmail.com","first_name":"Aunthasak","job_title":"Header","last_name":"Monday-delicious","phone_num":"0940124426"}],"service":"user-service","timestamp":"2022-04-07T08:43:33.494Z"}
{"level":"error","message":"petitions not found.","service":"user-service","timestamp":"2022-04-07T08:54:16.040Z"}
{"level":"error","message":"petitions is empty.","service":"user-service","timestamp":"2022-04-07T08:54:47.304Z"}
{"level":"error","message":"petitions is empty.","service":"user-service","timestamp":"2022-04-07T08:54:50.461Z"}
{"level":"error","message":"petitions is empty.","service":"user-service","timestamp":"2022-04-07T08:55:05.252Z"}
{"level":"error","message":"Cannot read properties of null (reading 'petitions')","service":"user-service","timestamp":"2022-04-07T09:10:34.687Z"}
{"level":"error","message":"villager id 624e9ff4e82e08efbdb76cab not found","service":"user-service","timestamp":"2022-04-07T09:12:33.687Z"}
{"level":"info","message":{"__v":0,"_id":"624e8e0591b855979babc837","address":{"district":"เมืองพะเยา","house_number":"290","postal_code":"56000","province":"พะเยา","sub_district":"แม่นาเรือ"},"age":20,"date_of_birth":"2001-08-23T00:00:00.000Z","email":"adsadawutbomz.23@gmail.com","ethnicity":"ไทย","first_name":"Aunthasak","gender":"male","idcart":"1560101531897","last_name":"Hadtang","nationalty":"ไทย","petitions":[],"phone_num":"0940124426","religion":"พุทธ"},"service":"user-service","timestamp":"2022-04-07T09:12:50.125Z"}
{"level":"info","message":[],"service":"user-service","timestamp":"2022-04-07T09:12:59.610Z"}
{"level":"info","message":[],"service":"user-service","timestamp":"2022-04-07T09:13:14.669Z"}
{"level":"error","message":"petitions villager id 624e8e0591b855979babc837 not found","service":"user-service","timestamp":"2022-04-07T09:13:45.152Z"}
{"level":"error","message":"villager id 624e8e0591b855979babc836 not found","service":"user-service","timestamp":"2022-04-07T09:14:00.568Z"}
{"level":"info","message":{"__v":0,"_id":"624e8e0591b855979babc837","address":{"district":"เมืองพะเยา","house_number":"290","postal_code":"56000","province":"พะเยา","sub_district":"แม่นาเรือ"},"age":20,"date_of_birth":"2001-08-23T00:00:00.000Z","email":"adsadawutbomz.23@gmail.com","ethnicity":"ไทย","first_name":"Aunthasak","gender":"male","idcart":"1560101531897","last_name":"Hadtang","nationalty":"ไทย","petitions":[],"phone_num":"0940124426","religion":"พุทธ"},"service":"user-service","timestamp":"2022-04-07T09:26:21.424Z"}
{"level":"info","message":[{"__v":0,"_id":"624e9ff4e82e08efbdb76cab","agent_pin":"Desk001","email":"aunthasak@gmail.com","first_name":"Aunthasak","job_title":"Header","last_name":"Monday-delicious","phone_num":"0940124426"}],"service":"user-service","timestamp":"2022-04-07T09:30:47.690Z"}
{"level":"error","message":"villager id 624e8e0591b855979babc836 not found","service":"user-service","timestamp":"2022-04-07T09:35:46.401Z"}
{"level":"info","message":[{"agent_id":"624e9ff4e82e08efbdb76cab","create_date":"2000-02-02T00:00:00.000Z","end_date":"2000-02-02T00:00:00.000Z","image":"String","need_corrective":"String","petition_type":"String","problem_detail":"String","received_date":"2000-02-02T00:00:00.000Z","status":"String"}],"service":"user-service","timestamp":"2022-04-07T09:35:52.419Z"}
{"level":"error","message":"villager id 624e8e0591b855979babc836 not found","service":"user-service","timestamp":"2022-04-07T09:38:12.564Z"}
